* SQL 최적화 과정
1. SQL 파싱
- SQL 실행 시, 가장 먼저 SQL 파서(parser)가 파싱 진행. 
  1) 파싱트리 생성 : SQL문을 이루는 개별 구성요소를 분석해서 파싱 트리 생성.
  2) Syntax 체크 : 문법적 오류가 없는지 체크. (ex : 키워드 누락, 순서, ...etc)
  3) Semantic 체크 : 의미상 오류 여부 체크. (ex : 테이블 or 컬럼 존재 여부, 사용한 오브젝트 권한 여부, ...etc)


2. SQL 최적화
- SQL 옵티마이저가 SQL 최적화 수행.
- SQL 옵티마이저(DB 성능을 결정짓는 핵심 엔진)는 미리 수집한 시스템 및 OBJECT 통계정보를 바탕으로 다양한 실행경로를 생성하여 비교 후, 가장 효율적인 것 하나를 선택.

3. 로우 소스 생성 
- SQL 옵티마이저가 선택한 실행경로를 row-source generator가 실제 실행 가능한 코드 or 프로시저 형태로 formating 수행. 


* SQL 옵티마이저
- 가장 효율적으로 수행할 수 있는 최적의 데이터 액세스 경로를 선택해주는 DBMS 핵심 엔진.
- 별도 프로세스가 아닌, 서버 프로세스(서버에서 DBMS에 SQL을 전달할 경우)의 기능 중 하나.

** 실행 과정 
1) 사용자로부터 전달받은 쿼리를 수행하는 데 후보군이 될만한 실행계획들을 찾아낸다.
2) 데이터 딕셔너리에 미리 수집해 둔 객체 Object 통계 및 시스템 통계 정보를 이용해 각 실행계획 예상 cost 산정.
3) 최저비용을 가진 실행계획을 선택.


```SQL
EXPLAIN PLAN FOR
SELECT * 
  FROM CD_OUTER_DATA_VRFC_RESLT_M
;

SELECT * 
  FROM TABLE(DBMS_XPLAN.DISPLAY)
;

Plan hash value: 252984561
------------------------------------------------------------------------------------------------
| Id  | Operation         | Name                       | Rows  | Bytes | Cost (%CPU)| Time     |
------------------------------------------------------------------------------------------------
|   0 | SELECT STATEMENT  |                            | 11278 |  1464K|    63   (0)| 00:00:01 |
|   1 |  TABLE ACCESS FULL| CD_OUTER_DATA_VRFC_RESLT_M | 11278 |  1464K|    63   (0)| 00:00:01 |
------------------------------------------------------------------------------------------------

```

